0 info it worked if it ends with ok
1 verbose cli [ '/usr/bin/node', '/usr/bin/npm', 'run', 'lambda-serve' ]
2 info using npm@3.5.2
3 info using node@v8.10.0
4 verbose run-script [ 'prelambda-serve', 'lambda-serve', 'postlambda-serve' ]
5 info lifecycle turing-fullstack-ecommerce@1.0.0~prelambda-serve: turing-fullstack-ecommerce@1.0.0
6 silly lifecycle turing-fullstack-ecommerce@1.0.0~prelambda-serve: no script for prelambda-serve, continuing
7 info lifecycle turing-fullstack-ecommerce@1.0.0~lambda-serve: turing-fullstack-ecommerce@1.0.0
8 verbose lifecycle turing-fullstack-ecommerce@1.0.0~lambda-serve: unsafe-perm in lifecycle true
9 verbose lifecycle turing-fullstack-ecommerce@1.0.0~lambda-serve: PATH: /usr/share/npm/bin/node-gyp-bin:/home/abdullah/PROJECTS/Sites/github/turing-fullstack-ecommerce/node_modules/.bin:/usr/local/sbin:/usr/local/bin:/usr/sbin:/usr/bin:/sbin:/bin:/usr/games:/usr/local/games:/snap/bin
10 verbose lifecycle turing-fullstack-ecommerce@1.0.0~lambda-serve: CWD: /home/abdullah/PROJECTS/Sites/github/turing-fullstack-ecommerce
11 silly lifecycle turing-fullstack-ecommerce@1.0.0~lambda-serve: Args: [ '-c',
11 silly lifecycle   'netlify-lambda serve functions --config webpack.config.js' ]
12 silly lifecycle turing-fullstack-ecommerce@1.0.0~lambda-serve: Returned: code: 1  signal: null
13 info lifecycle turing-fullstack-ecommerce@1.0.0~lambda-serve: Failed to exec lambda-serve script
14 verbose stack Error: turing-fullstack-ecommerce@1.0.0 lambda-serve: `netlify-lambda serve functions --config webpack.config.js`
14 verbose stack Exit status 1
14 verbose stack     at EventEmitter.<anonymous> (/usr/share/npm/lib/utils/lifecycle.js:232:16)
14 verbose stack     at emitTwo (events.js:126:13)
14 verbose stack     at EventEmitter.emit (events.js:214:7)
14 verbose stack     at ChildProcess.<anonymous> (/usr/share/npm/lib/utils/spawn.js:24:14)
14 verbose stack     at emitTwo (events.js:126:13)
14 verbose stack     at ChildProcess.emit (events.js:214:7)
14 verbose stack     at maybeClose (internal/child_process.js:925:16)
14 verbose stack     at Process.ChildProcess._handle.onexit (internal/child_process.js:209:5)
15 verbose pkgid turing-fullstack-ecommerce@1.0.0
16 verbose cwd /home/abdullah/PROJECTS/Sites/github/turing-fullstack-ecommerce
17 error Linux 4.18.0-25-generic
18 error argv "/usr/bin/node" "/usr/bin/npm" "run" "lambda-serve"
19 error node v8.10.0
20 error npm  v3.5.2
21 error code ELIFECYCLE
22 error turing-fullstack-ecommerce@1.0.0 lambda-serve: `netlify-lambda serve functions --config webpack.config.js`
22 error Exit status 1
23 error Failed at the turing-fullstack-ecommerce@1.0.0 lambda-serve script 'netlify-lambda serve functions --config webpack.config.js'.
23 error Make sure you have the latest version of node.js and npm installed.
23 error If you do, this is most likely a problem with the turing-fullstack-ecommerce package,
23 error not with npm itself.
23 error Tell the author that this fails on your system:
23 error     netlify-lambda serve functions --config webpack.config.js
23 error You can get information on how to open an issue for this project with:
23 error     npm bugs turing-fullstack-ecommerce
23 error Or if that isn't available, you can get their info via:
23 error     npm owner ls turing-fullstack-ecommerce
23 error There is likely additional logging output above.
24 verbose exit [ 1, true ]
